<?xml version="1.0" encoding="UTF-8"?>
<!-- Generated by org.testng.reporters.JUnitReportReporter -->
<testsuite skipped="0" hostname="DESKTOP-5J46QLU" name="testScripts.general.TestScroll" tests="1" failures="0" timestamp="07 Jun 2020 12:02:27 GMT" time="10.437" errors="0">
  <testcase name="execute" time="10.437" classname="testScripts.general.TestScroll"/>
</testsuite> <!-- testScripts.general.TestScroll -->
