<?xml version="1.0" encoding="UTF-8"?>
<!-- Generated by org.testng.reporters.JUnitReportReporter -->
<testsuite skipped="0" hostname="DESKTOP-5J46QLU" name="testScripts.Contact.CRM_R_1_0_Enter_Contact_Details" tests="1" failures="0" timestamp="19 Apr 2020 16:43:45 GMT" time="28.757" errors="0">
  <testcase name="executeTest" time="28.757" classname="testScripts.Contact.CRM_R_1_0_Enter_Contact_Details"/>
</testsuite> <!-- testScripts.Contact.CRM_R_1_0_Enter_Contact_Details -->
