<?xml version="1.0" encoding="UTF-8"?>
<!-- Generated by org.testng.reporters.JUnitReportReporter -->
<testsuite skipped="0" hostname="DESKTOP-5J46QLU" name="testScripts.login.verifyLogin" tests="1" failures="0" timestamp="07 Apr 2020 19:43:55 GMT" time="18.601" errors="0">
  <testcase name="execute" time="18.601" classname="testScripts.login.verifyLogin"/>
</testsuite> <!-- testScripts.login.verifyLogin -->
