<?xml version="1.0" encoding="UTF-8"?>
<!-- Generated by org.testng.reporters.JUnitReportReporter -->
<testsuite skipped="0" hostname="DESKTOP-5J46QLU" name="testScripts.login.CRM_R_1_0_Verify_Login_Credential" tests="1" failures="0" timestamp="14 Jun 2020 20:20:40 GMT" time="18.934" errors="0">
  <testcase name="execute" time="18.934" classname="testScripts.login.CRM_R_1_0_Verify_Login_Credential"/>
</testsuite> <!-- testScripts.login.CRM_R_1_0_Verify_Login_Credential -->
