<?xml version="1.0" encoding="UTF-8"?>
<!-- Generated by org.testng.reporters.JUnitReportReporter -->
<testsuite skipped="0" hostname="DESKTOP-5J46QLU" name="testScripts.Contact.verifyContactPage" tests="1" failures="0" timestamp="19 Apr 2020 18:34:13 GMT" time="31.848" errors="0">
  <testcase name="execute" time="31.848" classname="testScripts.Contact.verifyContactPage"/>
</testsuite> <!-- testScripts.Contact.verifyContactPage -->
